[03:04:22] [ServerMain/INFO]: [bootstrap] Running Java 21 (OpenJDK 64-Bit Server VM 21.0.8+9-Ubuntu-0ubuntu124.04.1; Ubuntu null) on Linux 6.8.0-1030-azure (amd64)
[03:04:22] [ServerMain/INFO]: [bootstrap] Loading Paper 1.21.8-6-main@782ce95 (2025-07-18T20:26:58Z) for Minecraft 1.21.8
[03:04:22] [ServerMain/INFO]: [PluginInitializerManager] Initializing plugins...
[03:04:23] [Paper Plugin Remapper Thread - 1/INFO]: [PluginRemapper] Remapping plugin 'plugins/SkinsRestorer.jar'...
[03:04:25] [Paper Plugin Remapper Thread - 1/INFO]: [PluginRemapper] Done remapping plugin 'plugins/SkinsRestorer.jar' in 2726ms.
[03:04:25] [ServerMain/INFO]: [PluginInitializerManager] Initialized 7 plugins
[03:04:25] [ServerMain/INFO]: [PluginInitializerManager] Bukkit plugins (7):
 - DHSupport (0.10.0), Geyser-Spigot (2.8.3-SNAPSHOT), SkinsRestorer (15.7.9), SmoothTimber (1.27.5), ViaBackwards (5.4.2), ViaVersion (5.4.2), floodgate (2.2.4-SNAPSHOT (b118-40d320a))
[03:04:31] [ServerMain/INFO]: Environment: Environment[sessionHost=https://sessionserver.mojang.com, servicesHost=https://api.minecraftservices.com, name=PROD]
[03:04:32] [ServerMain/INFO]: Loaded 1407 recipes
[03:04:32] [ServerMain/INFO]: Loaded 1520 advancements
[03:04:33] [ServerMain/INFO]: [ca.spottedleaf.dataconverter.minecraft.datatypes.MCTypeRegistry] Initialising converters for DataConverter...
[03:04:33] [ServerMain/INFO]: [ca.spottedleaf.dataconverter.minecraft.datatypes.MCTypeRegistry] Finished initialising converters for DataConverter in 474.8ms
[03:04:33] [Server thread/INFO]: Starting minecraft server version 1.21.8
[03:04:33] [Server thread/INFO]: Loading properties
[03:04:33] [Server thread/INFO]: This server is running Paper version 1.21.8-6-main@782ce95 (2025-07-18T20:26:58Z) (Implementing API version 1.21.8-R0.1-SNAPSHOT)
[03:04:33] [Server thread/INFO]: [spark] This server bundles the spark profiler. For more information please visit https://docs.papermc.io/paper/profiling
[03:04:33] [Server thread/INFO]: Server Ping Player Sample Count: 12
[03:04:33] [Server thread/INFO]: Using 4 threads for Netty based IO
[03:04:34] [Server thread/INFO]: [MoonriseCommon] Paper is using 1 worker threads, 1 I/O threads
[03:04:34] [Server thread/INFO]: [ChunkTaskScheduler] Chunk system is using population gen parallelism: true
[03:04:34] [Server thread/INFO]: Default game type: SURVIVAL
[03:04:34] [Server thread/INFO]: Generating keypair
[03:04:34] [Server thread/INFO]: Starting Minecraft server on *:25565
[03:04:35] [Server thread/INFO]: Using epoll channel type
[03:04:35] [Server thread/INFO]: Paper: Using libdeflate (Linux x86_64) compression from Velocity.
[03:04:35] [Server thread/INFO]: Paper: Using OpenSSL 3.x.x (Linux x86_64) cipher from Velocity.
[03:04:35] [Server thread/INFO]: [ViaVersion] Loading server plugin ViaVersion v5.4.2
[03:04:35] [Server thread/INFO]: [ViaVersion] ViaVersion 5.4.2 is now loaded. Registering protocol transformers and injecting...
[03:04:36] [Via-Mappingloader-0/INFO]: [ViaVersion] Loading block connection mappings ...
[03:04:36] [Via-Mappingloader-0/INFO]: [ViaVersion] Using FastUtil Long2ObjectOpenHashMap for block connections
[03:04:37] [Server thread/INFO]: [ViaBackwards] Loading translations...
[03:04:37] [Server thread/INFO]: [ViaBackwards] Registering protocols...
[03:04:37] [Server thread/INFO]: [floodgate] Loading server plugin floodgate v2.2.4-SNAPSHOT (b118-40d320a)
[03:04:38] [Server thread/WARN]: [floodgate] en_ is not a supported Floodgate language.
[03:04:38] [Server thread/INFO]: [floodgate] Took 989ms to boot Floodgate
[03:04:38] [Server thread/INFO]: [ViaBackwards] Loading server plugin ViaBackwards v5.4.2
[03:04:38] [Server thread/INFO]: [SmoothTimber] Loading server plugin SmoothTimber v1.27.5
[03:04:38] [Server thread/INFO]: [Geyser-Spigot] Loading server plugin Geyser-Spigot v2.8.3-SNAPSHOT
[03:04:39] [Server thread/INFO]: [Geyser-Spigot] Loading extensions...
[03:04:39] [Server thread/INFO]: [Geyser-Spigot] Loaded 0 extension(s)
[03:04:39] [Server thread/INFO]: [DHS] Loading server plugin DHSupport v0.10.0
[03:04:39] [Server thread/INFO]: [SkinsRestorer] Loading server plugin SkinsRestorer v15.7.9
[03:04:39] [Server thread/INFO]: Server permissions file permissions.yml is empty, ignoring it
[03:04:39] [Server thread/INFO]: [SkinsRestorer] Enabling SkinsRestorer v15.7.9
[03:04:40] [Server thread/INFO]: [SkinsRestorer] Running on Minecraft 1.21.8.
[03:04:40] [Server thread/INFO]: [SkinsRestorer] Floodgate skin listener registered
[03:04:41] [Server thread/INFO]: [SkinsRestorer] Using paper join listener!
[03:04:41] [Server thread/WARN]: **** SERVER IS RUNNING IN OFFLINE/INSECURE MODE!
[03:04:41] [Server thread/WARN]: The server will make no attempt to authenticate usernames. Beware.
[03:04:41] [Server thread/WARN]: While this makes the game possible to play without internet access, it also opens up the ability for hackers to connect with any username they choose.
[03:04:41] [Server thread/WARN]: To change this, set "online-mode" to "true" in the server.properties file.
[03:04:41] [Server thread/INFO]: Preparing level "world"
[03:04:41] [Folia Async Scheduler Thread #1/INFO]: [SkinsRestorer] ----------------------------------------------
[03:04:41] [Folia Async Scheduler Thread #1/INFO]: [SkinsRestorer]     +==================+
[03:04:41] [Folia Async Scheduler Thread #1/INFO]: [SkinsRestorer]     |   SkinsRestorer  |
[03:04:41] [Folia Async Scheduler Thread #1/INFO]: [SkinsRestorer]     |------------------|
[03:04:41] [Folia Async Scheduler Thread #1/INFO]: [SkinsRestorer]     |  Standalone Mode |
[03:04:41] [Folia Async Scheduler Thread #1/INFO]: [SkinsRestorer]     +==================+
[03:04:41] [Folia Async Scheduler Thread #1/INFO]: [SkinsRestorer] ----------------------------------------------
[03:04:41] [Folia Async Scheduler Thread #1/INFO]: [SkinsRestorer]     Version: 15.7.9
[03:04:41] [Folia Async Scheduler Thread #1/INFO]: [SkinsRestorer]     Commit: eb4ae0c
[03:04:41] [Folia Async Scheduler Thread #1/INFO]: [SkinsRestorer]     This is the latest version!
[03:04:41] [Folia Async Scheduler Thread #1/INFO]: [SkinsRestorer] ----------------------------------------------
[03:04:41] [Folia Async Scheduler Thread #1/INFO]: [SkinsRestorer] Do you have issues? Read our troubleshooting guide: https://skinsrestorer.net/docs/troubleshooting
[03:04:41] [Folia Async Scheduler Thread #1/INFO]: [SkinsRestorer] Want to support SkinsRestorer? Consider donating: https://skinsrestorer.net/donate
[03:04:41] [Server thread/INFO]: Preparing start region for dimension minecraft:overworld
[03:04:41] [Server thread/INFO]: Preparing spawn area: 0%
[03:04:42] [Server thread/INFO]: Preparing spawn area: 2%
[03:04:42] [Server thread/INFO]: Preparing spawn area: 14%
[03:04:42] [Server thread/INFO]: Time elapsed: 1204 ms
[03:04:42] [Server thread/INFO]: Preparing start region for dimension minecraft:the_nether
[03:04:43] [Server thread/INFO]: Preparing spawn area: 0%
[03:04:43] [Server thread/INFO]: Time elapsed: 274 ms
[03:04:43] [Server thread/INFO]: Preparing start region for dimension minecraft:the_end
[03:04:43] [Server thread/INFO]: Preparing spawn area: 0%
[03:04:43] [Server thread/INFO]: Time elapsed: 142 ms
[03:04:43] [Server thread/INFO]: [ViaVersion] Enabling ViaVersion v5.4.2
[03:04:43] [Server thread/INFO]: [ViaVersion] ViaVersion detected server version: 1.21.7-1.21.8 (772)
[03:04:43] [Server thread/INFO]: [floodgate] Enabling floodgate v2.2.4-SNAPSHOT (b118-40d320a)
[03:04:43] [Server thread/INFO]: [ViaBackwards] Enabling ViaBackwards v5.4.2
[03:04:43] [Server thread/INFO]: [SmoothTimber] Enabling SmoothTimber v1.27.5
[03:04:43] [Server thread/INFO]: SmoothTimber || You're currently using the untested Minecraft Version 1.21.8 (Core v1_21x)
[03:04:43] [Server thread/INFO]: SmoothTimber || Please note that this core only officially supports 1.21.3, 1.21.4, 1.21.5, so problems may occur.
[03:04:43] [Server thread/INFO]: [Geyser-Spigot] Enabling Geyser-Spigot v2.8.3-SNAPSHOT
[03:04:45] [Server thread/INFO]: [DHS] Enabling DHSupport v0.10.0
[03:04:45] [Server thread/INFO]: [DHS] I am DHS 0.10.0 for MC 1.21.7.
[03:04:45] [Server thread/INFO]: [DHS] Using Paper scheduler.
[03:04:45] [Server thread/WARN]: [DHS] Chunk generation is enabled. New chunks will be generated as needed to complete LOD generation. This could significantly increase the size of your world.
[03:04:45] [Server thread/WARN]: [DHS] If you understand what this means and would like to disable this warning, set generate_new_chunks_warning to false in your config.
[03:04:45] [Server thread/INFO]: [DHS] Ready!
[03:04:45] [Server thread/INFO]: [spark] Starting background profiler...
[03:04:46] [Server thread/INFO]: [Geyser-Spigot] ******************************************
[03:04:46] [Server thread/INFO]: [Geyser-Spigot] 
[03:04:46] [Server thread/INFO]: [Geyser-Spigot] Loading Geyser version 2.8.3-b911 (git-master-e2ae101)
[03:04:46] [Server thread/INFO]: [Geyser-Spigot] 
[03:04:46] [Server thread/INFO]: [Geyser-Spigot] ******************************************
[03:04:50] [GeyserServer-3-1/INFO]: [Geyser-Spigot] Started Geyser on UDP port 3226
[03:04:50] [Server thread/INFO]: [Geyser-Spigot] Done (4.023s)! Run /geyser help for help!
[03:04:50] [Server thread/INFO]: Done preparing level "world" (9.104s)
[03:04:50] [Server thread/INFO]: Running delayed init tasks
[03:04:50] [Server thread/INFO]: Done (28.966s)! For help, type "help"
[03:04:50] [Craft Scheduler Thread - 2 - ViaVersion/INFO]: [ViaVersion] Finished mapping loading, shutting down loader executor.
[03:05:50] [Server thread/INFO]: Server empty for 60 seconds, pausing
[03:06:05] [GeyserServerChild-4-1/INFO]: [Geyser-Spigot] Player connected with username ZZRoyers
[03:06:05] [localSession-7-2/INFO]: [Geyser-Spigot] ZZRoyers (logged in as: ZZRoyers) has connected to the Java server
[03:06:05] [Server thread/INFO]: [HorriblePlayerLoginEventHack] You have plugins listening to the PlayerLoginEvent, this will cause re-configuration APIs to be unavailable: [SkinsRestorer]
[03:06:06] [Server thread/INFO]: [floodgate] Floodgate player logged in as .ZZRoyers joined (UUID: 00000000-0000-0000-0009-01f74c13fc16)
[03:06:06] [Server thread/INFO]: .ZZRoyers joined the game
[03:06:06] [Server thread/INFO]: .ZZRoyers[/127.239.108.42:0] logged in with entity id 89 at ([world]164.10066, 65.0, 608.718)
[03:07:29] [Server thread/WARN]: .ZZRoyers moved too quickly! -10.360469999999992,0.14170000000000016,-0.8522000000000389
[03:07:29] [Server thread/WARN]: .ZZRoyers moved too quickly! -10.085399999999993,-0.023070000000004143,-0.7023000000000366
[03:07:29] [Server thread/WARN]: .ZZRoyers moved too quickly! -10.085399999999993,-0.023070000000004143,-0.7023000000000366
[03:07:29] [Server thread/WARN]: .ZZRoyers moved too quickly! -10.085399999999993,-0.023070000000004143,-0.7023000000000366
[03:07:29] [Server thread/WARN]: .ZZRoyers moved too quickly! -10.085399999999993,-0.023070000000004143,-0.7023000000000366
[03:07:29] [Server thread/WARN]: .ZZRoyers moved too quickly! -10.085399999999993,-0.023070000000004143,-0.7023000000000366
[03:07:29] [Server thread/WARN]: .ZZRoyers moved too quickly! -10.085399999999993,-0.023070000000004143,-0.7023000000000366
[03:07:29] [Server thread/WARN]: .ZZRoyers moved too quickly! -10.085399999999993,-0.023070000000004143,-0.7023000000000366
[03:07:29] [Server thread/WARN]: .ZZRoyers moved too quickly! -10.085399999999993,-0.023070000000004143,-0.7023000000000366
[03:07:29] [Server thread/WARN]: .ZZRoyers moved too quickly! -10.085399999999993,-0.023070000000004143,-0.7023000000000366
[03:07:29] [Server thread/WARN]: .ZZRoyers moved too quickly! -10.085399999999993,-0.023070000000004143,-0.7023000000000366
[03:07:29] [Server thread/WARN]: .ZZRoyers moved too quickly! -10.085399999999993,-0.023070000000004143,-0.7023000000000366
[03:07:29] [Server thread/WARN]: .ZZRoyers moved too quickly! -10.085399999999993,-0.023070000000004143,-0.7023000000000366
[03:07:29] [Server thread/WARN]: .ZZRoyers moved too quickly! -10.085399999999993,-0.023070000000004143,-0.7023000000000366
[03:07:29] [Server thread/WARN]: .ZZRoyers moved too quickly! -10.085399999999993,-0.023070000000004143,-0.7023000000000366
[03:07:29] [Server thread/WARN]: .ZZRoyers moved too quickly! -10.085399999999993,-0.023070000000004143,-0.7023000000000366
[03:07:29] [Server thread/WARN]: .ZZRoyers moved too quickly! -10.085399999999993,-0.023070000000004143,-0.7023000000000366
[03:07:29] [Server thread/WARN]: .ZZRoyers moved too quickly! -10.085399999999993,-0.023070000000004143,-0.7023000000000366
[03:07:29] [Server thread/WARN]: .ZZRoyers moved too quickly! -10.085399999999993,-0.023070000000004143,-0.7023000000000366
[03:07:29] [Server thread/WARN]: .ZZRoyers moved too quickly! -10.085399999999993,-0.023070000000004143,-0.7023000000000366
[03:07:29] [Server thread/WARN]: .ZZRoyers moved too quickly! -10.085399999999993,-0.023070000000004143,-0.7023000000000366
[03:07:29] [Server thread/WARN]: .ZZRoyers moved too quickly! -10.085399999999993,-0.023070000000004143,-0.7023000000000366
[03:07:29] [Server thread/WARN]: .ZZRoyers moved too quickly! -10.085399999999993,-0.023070000000004143,-0.7023000000000366
[03:07:29] [Server thread/WARN]: .ZZRoyers moved too quickly! -10.085399999999993,-0.023070000000004143,-0.7023000000000366
[03:07:29] [Server thread/WARN]: .ZZRoyers moved too quickly! -10.085399999999993,-0.023070000000004143,-0.7023000000000366
[03:07:29] [Server thread/WARN]: .ZZRoyers moved too quickly! -10.085399999999993,-0.023070000000004143,-0.7023000000000366
[03:07:29] [Server thread/WARN]: .ZZRoyers moved too quickly! -10.085399999999993,-0.023070000000004143,-0.7023000000000366
[03:07:29] [Server thread/WARN]: .ZZRoyers moved too quickly! -10.085399999999993,-0.023070000000004143,-0.7023000000000366
[03:07:29] [Server thread/WARN]: .ZZRoyers moved too quickly! -10.085399999999993,-0.023070000000004143,-0.7023000000000366
[03:07:29] [Server thread/WARN]: .ZZRoyers moved too quickly! -10.085399999999993,-0.023070000000004143,-0.7023000000000366
[03:07:29] [Server thread/WARN]: .ZZRoyers moved too quickly! -10.085399999999993,-0.023070000000004143,-0.7023000000000366
[03:07:29] [Server thread/WARN]: .ZZRoyers moved too quickly! -10.085399999999993,-0.023070000000004143,-0.7023000000000366
[03:07:29] [Server thread/WARN]: .ZZRoyers moved too quickly! -10.085399999999993,-0.023070000000004143,-0.7023000000000366
[03:07:29] [Server thread/WARN]: .ZZRoyers moved too quickly! -10.085399999999993,-0.023070000000004143,-0.7023000000000366
[03:09:06] [Server thread/INFO]: .ZZRoyers was doomed to fall by Phantom
[03:11:12] [GeyserServerChild-4-1/INFO]: [Geyser-Spigot] ZZRoyers has disconnected from the Java server because of Bedrock client timed out
[03:11:12] [Geyser Spigot connection thread-6-3/INFO]: [floodgate] Floodgate player logged in as .ZZRoyers disconnected
[03:11:12] [Server thread/INFO]: .ZZRoyers lost connection: Disconnected
[03:11:12] [Server thread/INFO]: .ZZRoyers left the game
[03:11:52] [GeyserServerChild-4-2/INFO]: [Geyser-Spigot] Player connected with username ZZRoyers
[03:11:52] [localSession-7-3/INFO]: [Geyser-Spigot] ZZRoyers (logged in as: ZZRoyers) has connected to the Java server
[03:11:53] [Server thread/INFO]: [floodgate] Floodgate player logged in as .ZZRoyers joined (UUID: 00000000-0000-0000-0009-01f74c13fc16)
[03:11:53] [Server thread/INFO]: .ZZRoyers joined the game
[03:11:53] [Server thread/INFO]: .ZZRoyers[/127.239.108.42:0] logged in with entity id 864 at ([world]173.8519, 63.0, 576.9074)
[03:13:00] [Server thread/WARN]: .ZZRoyers moved too quickly! -12.268450000000001,-0.38002999999999787,0.3170000000000073
[03:13:00] [Server thread/WARN]: .ZZRoyers moved too quickly! -12.268450000000001,-0.15233999999999526,0.3177500000000464
[03:13:00] [Server thread/WARN]: .ZZRoyers moved too quickly! -12.268450000000001,-0.15233999999999526,0.3177500000000464
[03:13:00] [Server thread/WARN]: .ZZRoyers moved too quickly! -12.268450000000001,-0.15233999999999526,0.3177500000000464
[03:13:00] [Server thread/WARN]: .ZZRoyers moved too quickly! -12.268450000000001,-0.15233999999999526,0.3177500000000464
[03:13:00] [Server thread/WARN]: .ZZRoyers moved too quickly! -12.268450000000001,-0.15233999999999526,0.3177500000000464
[03:13:00] [Server thread/WARN]: .ZZRoyers moved too quickly! -12.268450000000001,-0.15233999999999526,0.3177500000000464
[03:13:00] [Server thread/WARN]: .ZZRoyers moved too quickly! -12.268450000000001,-0.15233999999999526,0.3177500000000464
[03:13:00] [Server thread/WARN]: .ZZRoyers moved too quickly! -12.268450000000001,-0.15233999999999526,0.3177500000000464
[03:13:00] [Server thread/WARN]: .ZZRoyers moved too quickly! -12.268450000000001,-0.15233999999999526,0.3177500000000464
[03:13:26] [Server thread/WARN]: .ZZRoyers moved too quickly! 4.30641,0.0,10.139799999999923
[03:13:26] [Server thread/WARN]: .ZZRoyers moved too quickly! 4.180160000000001,0.0,9.88919999999996
[03:13:26] [Server thread/WARN]: .ZZRoyers moved too quickly! 4.180160000000001,0.0,9.88919999999996
[03:13:26] [Server thread/WARN]: .ZZRoyers moved too quickly! 4.180160000000001,0.0,9.88919999999996
[03:13:32] [Server thread/WARN]: .ZZRoyers moved too quickly! -9.35660999999999,-1.161760000000001,-13.03895
[03:13:32] [Server thread/WARN]: .ZZRoyers moved too quickly! -9.267410000000012,-0.6448200000000028,-12.77234999999996
[03:13:32] [Server thread/WARN]: .ZZRoyers moved too quickly! -9.267410000000012,-0.6448200000000028,-12.77234999999996
[03:13:32] [Server thread/WARN]: .ZZRoyers moved too quickly! -9.267410000000012,-0.6448200000000028,-12.77234999999996
[03:13:32] [Server thread/WARN]: .ZZRoyers moved too quickly! -9.267410000000012,-0.6448200000000028,-12.77234999999996
[03:13:32] [Server thread/WARN]: .ZZRoyers moved too quickly! -9.267410000000012,-0.6448200000000028,-12.77234999999996
[03:13:32] [Server thread/WARN]: .ZZRoyers moved too quickly! -9.267410000000012,-0.6448200000000028,-12.77234999999996
[03:13:32] [Server thread/WARN]: .ZZRoyers moved too quickly! -9.267410000000012,-0.6448200000000028,-12.77234999999996
[03:13:32] [Server thread/WARN]: .ZZRoyers moved too quickly! -9.267410000000012,-0.6448200000000028,-12.77234999999996
[03:13:32] [Server thread/WARN]: .ZZRoyers moved too quickly! -9.267410000000012,-0.6448200000000028,-12.77234999999996
[03:13:32] [Server thread/WARN]: .ZZRoyers moved too quickly! -9.267410000000012,-0.6448200000000028,-12.77234999999996
[03:13:32] [Server thread/WARN]: .ZZRoyers moved too quickly! -9.267410000000012,-0.6448200000000028,-12.77234999999996
[03:13:32] [Server thread/WARN]: .ZZRoyers moved too quickly! -9.267410000000012,-0.6448200000000028,-12.77234999999996
[03:13:32] [Server thread/WARN]: .ZZRoyers moved too quickly! -9.267410000000012,-0.6448200000000028,-12.77234999999996
[03:13:32] [Server thread/WARN]: .ZZRoyers moved too quickly! -9.267410000000012,-0.6448200000000028,-12.77234999999996
[03:13:32] [Server thread/WARN]: .ZZRoyers moved too quickly! -9.267410000000012,-0.6448200000000028,-12.77234999999996
[03:13:32] [Server thread/WARN]: .ZZRoyers moved too quickly! -9.267410000000012,-0.6448200000000028,-12.77234999999996
[03:13:32] [Server thread/WARN]: .ZZRoyers moved too quickly! -9.267410000000012,-0.6448200000000028,-12.77234999999996
[03:13:32] [Server thread/WARN]: .ZZRoyers moved too quickly! -9.267410000000012,-0.6448200000000028,-12.77234999999996
[03:13:32] [Server thread/WARN]: .ZZRoyers moved too quickly! -9.267410000000012,-0.6448200000000028,-12.77234999999996
[03:13:32] [Server thread/WARN]: .ZZRoyers moved too quickly! -9.267410000000012,-0.6448200000000028,-12.77234999999996
[03:13:32] [Server thread/WARN]: .ZZRoyers moved too quickly! -9.267410000000012,-0.6448200000000028,-12.77234999999996
[03:13:32] [Server thread/WARN]: .ZZRoyers moved too quickly! -9.267410000000012,-0.6448200000000028,-12.77234999999996
[03:13:32] [Server thread/WARN]: .ZZRoyers moved too quickly! -9.267410000000012,-0.6448200000000028,-12.77234999999996
[03:13:32] [Server thread/WARN]: .ZZRoyers moved too quickly! -9.267410000000012,-0.6448200000000028,-12.77234999999996
[03:13:32] [Server thread/WARN]: .ZZRoyers moved too quickly! -9.267410000000012,-0.6448200000000028,-12.77234999999996
[03:13:32] [Server thread/WARN]: .ZZRoyers moved too quickly! -9.267410000000012,-0.6448200000000028,-12.77234999999996
[03:13:32] [Server thread/WARN]: .ZZRoyers moved too quickly! -9.267410000000012,-0.6448200000000028,-12.77234999999996
[03:13:32] [Server thread/WARN]: .ZZRoyers moved too quickly! -9.817779999999999,0.14170000000000016,-2.4764999999999873
[03:14:43] [GeyserServerChild-4-2/INFO]: [Geyser-Spigot] ZZRoyers has disconnected from the Java server because of Bedrock client timed out
[03:14:43] [Geyser Spigot connection thread-6-4/INFO]: [floodgate] Floodgate player logged in as .ZZRoyers disconnected
[03:14:43] [Server thread/INFO]: .ZZRoyers lost connection: Disconnected
[03:14:43] [Server thread/INFO]: .ZZRoyers left the game
[03:15:08] [GeyserServerChild-4-3/INFO]: [Geyser-Spigot] Player connected with username ZZRoyers
[03:15:08] [localSession-7-4/INFO]: [Geyser-Spigot] ZZRoyers (logged in as: ZZRoyers) has connected to the Java server
[03:15:09] [Server thread/INFO]: [floodgate] Floodgate player logged in as .ZZRoyers joined (UUID: 00000000-0000-0000-0009-01f74c13fc16)
[03:15:09] [Server thread/INFO]: .ZZRoyers joined the game
[03:15:09] [Server thread/INFO]: .ZZRoyers[/127.239.108.42:0] logged in with entity id 1563 at ([world]128.79955, 63.22020680679012, 594.2276)
[03:15:32] [Geyser Spigot connection thread-6-1/INFO]: [floodgate] Floodgate player logged in as .ZZRoyers disconnected
[03:15:32] [GeyserServerChild-4-3/INFO]: [Geyser-Spigot] ZZRoyers has disconnected from the Java server because of Bedrock client timed out
[03:15:32] [Server thread/INFO]: .ZZRoyers lost connection: Disconnected
[03:15:32] [Server thread/INFO]: .ZZRoyers left the game
[03:16:32] [Server thread/INFO]: Server empty for 60 seconds, pausing
[03:25:39] [GeyserServerChild-4-4/INFO]: [Geyser-Spigot] Player connected with username ZZRoyers
[03:25:39] [localSession-7-1/INFO]: [Geyser-Spigot] ZZRoyers (logged in as: ZZRoyers) has connected to the Java server
[03:25:40] [Server thread/INFO]: [floodgate] Floodgate player logged in as .ZZRoyers joined (UUID: 00000000-0000-0000-0009-01f74c13fc16)
[03:25:40] [Server thread/INFO]: .ZZRoyers joined the game
[03:25:40] [Server thread/INFO]: .ZZRoyers[/127.239.108.42:0] logged in with entity id 1963 at ([world]128.79955, 63.0, 594.2276)
[03:29:43] [Server thread/WARN]: .ZZRoyers moved too quickly! 3.074894999999998,-0.22778999999999883,-12.379400000000032
[03:29:43] [Server thread/WARN]: .ZZRoyers moved too quickly! 3.0862149999999957,-0.07545000000000357,-12.0548
[03:29:43] [Server thread/WARN]: .ZZRoyers moved too quickly! 3.0862149999999957,-0.07545000000000357,-12.0548
[03:29:43] [Server thread/WARN]: .ZZRoyers moved too quickly! 3.0862149999999957,-0.07545000000000357,-12.0548
[03:29:43] [Server thread/WARN]: .ZZRoyers moved too quickly! 3.0862149999999957,-0.07545000000000357,-12.0548
[03:29:43] [Server thread/WARN]: .ZZRoyers moved too quickly! 3.0862149999999957,-0.07545000000000357,-12.0548
[03:29:43] [Server thread/WARN]: .ZZRoyers moved too quickly! 3.0862149999999957,-0.07545000000000357,-12.0548
[03:29:43] [Server thread/WARN]: .ZZRoyers moved too quickly! 3.0862149999999957,-0.07545000000000357,-12.0548
[03:29:43] [Server thread/WARN]: .ZZRoyers moved too quickly! 3.0862149999999957,-0.07545000000000357,-12.0548
[03:29:43] [Server thread/WARN]: .ZZRoyers moved too quickly! 3.0862149999999957,-0.07545000000000357,-12.0548
[03:29:43] [Server thread/WARN]: .ZZRoyers moved too quickly! 3.0862149999999957,-0.07545000000000357,-12.0548
[03:29:43] [Server thread/WARN]: .ZZRoyers moved too quickly! 3.0862149999999957,-0.07545000000000357,-12.0548
[03:29:43] [Server thread/WARN]: .ZZRoyers moved too quickly! 3.0862149999999957,-0.07545000000000357,-12.0548
[03:29:43] [Server thread/WARN]: .ZZRoyers moved too quickly! 3.0862149999999957,-0.07545000000000357,-12.0548
[03:29:43] [Server thread/WARN]: .ZZRoyers moved too quickly! 3.0862149999999957,-0.07545000000000357,-12.0548
[03:29:43] [Server thread/WARN]: .ZZRoyers moved too quickly! 3.0862149999999957,-0.07545000000000357,-12.0548
[03:29:43] [Server thread/WARN]: .ZZRoyers moved too quickly! 3.0862149999999957,-0.07545000000000357,-12.0548
[03:29:43] [Server thread/WARN]: .ZZRoyers moved too quickly! 3.0862149999999957,-0.07545000000000357,-12.0548
[03:29:43] [Server thread/WARN]: .ZZRoyers moved too quickly! 3.0862149999999957,-0.07545000000000357,-12.0548
[03:29:43] [Server thread/WARN]: .ZZRoyers moved too quickly! 3.0862149999999957,-0.07545000000000357,-12.0548
[03:29:43] [Server thread/WARN]: .ZZRoyers moved too quickly! 3.0862149999999957,-0.07545000000000357,-12.0548
[03:29:43] [Server thread/WARN]: .ZZRoyers moved too quickly! 3.0862149999999957,-0.07545000000000357,-12.0548
[03:29:43] [Server thread/WARN]: .ZZRoyers moved too quickly! 3.0862149999999957,-0.07545000000000357,-12.0548
[03:29:43] [Server thread/WARN]: .ZZRoyers moved too quickly! 3.0862149999999957,-0.07545000000000357,-12.0548
[03:29:46] [Server thread/WARN]: .ZZRoyers moved too quickly! 0.41758000000000095,0.25800999999999874,-10.137039999999956
[03:37:52] [Server thread/INFO]: Stopping the server
[03:37:52] [Server thread/INFO]: Stopping server
[03:37:52] [Server thread/INFO]: [SkinsRestorer] Disabling SkinsRestorer v15.7.9
[03:37:52] [Server thread/INFO]: [DHS] Disabling DHSupport v0.10.0
[03:37:52] [Server thread/INFO]: [DHS] Lights out!
[03:37:52] [Server thread/INFO]: [Geyser-Spigot] Disabling Geyser-Spigot v2.8.3-SNAPSHOT
[03:37:52] [Server thread/INFO]: [Geyser-Spigot] Shutting down Geyser.
[03:37:52] [Server thread/INFO]: [Geyser-Spigot] Kicking 1 player(s)
[03:37:52] [Geyser Spigot connection thread-6-2/INFO]: [floodgate] Floodgate player logged in as .ZZRoyers disconnected
[03:37:52] [Server thread/INFO]: [Geyser-Spigot] ZZRoyers has disconnected from the Java server because of Apagando el proxy de Geyser.
[03:37:52] [Server thread/INFO]: [Geyser-Spigot] Kicked all players!
[03:37:52] [Server thread/INFO]: [Geyser-Spigot] Geyser shutdown successfully.
[03:37:52] [Server thread/INFO]: [SmoothTimber] Disabling SmoothTimber v1.27.5
[03:37:52] [Server thread/INFO]: [ViaBackwards] Disabling ViaBackwards v5.4.2
[03:37:52] [Server thread/INFO]: [floodgate] Disabling floodgate v2.2.4-SNAPSHOT (b118-40d320a)
[03:37:52] [Server thread/INFO]: [ViaVersion] Disabling ViaVersion v5.4.2
[03:37:52] [Server thread/INFO]: [ViaVersion] ViaVersion has been disabled; uninjected the platform and shut down the scheduler.
[03:37:52] [Server thread/INFO]: Saving players
[03:37:52] [Server thread/INFO]: .ZZRoyers lost connection: Server closed
[03:37:52] [Server thread/INFO]: .ZZRoyers left the game
[03:37:52] [WebSocketConnectReadThread-103/INFO]: [Geyser-Spigot] The skin uploader has been closed
[03:37:52] [Server thread/INFO]: Saving worlds
[03:37:52] [Server thread/INFO]: Saving chunks for level 'ServerLevel[world]'/minecraft:overworld
[03:37:52] [Server thread/INFO]: [ChunkHolderManager] Waiting 60s for chunk system to halt for world 'world'
[03:37:52] [Server thread/INFO]: [ChunkHolderManager] Halted chunk system for world 'world'
[03:37:52] [Server thread/INFO]: [ChunkHolderManager] Saving all chunkholders for world 'world'
[03:37:52] [Server thread/INFO]: [ChunkHolderManager] Saved 21 block chunks, 246 entity chunks, 0 poi chunks in world 'world' in 0.11s
[03:37:52] [Server thread/INFO]: [ChunkHolderManager] Waiting 60s for chunk I/O to halt for world 'world'
[03:37:52] [Server thread/INFO]: [ChunkHolderManager] Halted I/O scheduler for world 'world'
[03:37:52] [Server thread/INFO]: Saving chunks for level 'ServerLevel[world_nether]'/minecraft:the_nether
[03:37:52] [Server thread/INFO]: [ChunkHolderManager] Waiting 60s for chunk system to halt for world 'world_nether'
[03:37:52] [Server thread/INFO]: [ChunkHolderManager] Halted chunk system for world 'world_nether'
[03:37:52] [Server thread/INFO]: [ChunkHolderManager] Saving all chunkholders for world 'world_nether'
[03:37:52] [Server thread/INFO]: [ChunkHolderManager] Saved 0 block chunks, 11 entity chunks, 0 poi chunks in world 'world_nether' in 0.01s
[03:37:52] [Server thread/INFO]: [ChunkHolderManager] Waiting 60s for chunk I/O to halt for world 'world_nether'
[03:37:52] [Server thread/INFO]: [ChunkHolderManager] Halted I/O scheduler for world 'world_nether'
[03:37:52] [Server thread/INFO]: Saving chunks for level 'ServerLevel[world_the_end]'/minecraft:the_end
[03:37:52] [Server thread/INFO]: [ChunkHolderManager] Waiting 60s for chunk system to halt for world 'world_the_end'
[03:37:52] [Server thread/INFO]: [ChunkHolderManager] Halted chunk system for world 'world_the_end'
[03:37:52] [Server thread/INFO]: [ChunkHolderManager] Saving all chunkholders for world 'world_the_end'
[03:37:52] [Server thread/INFO]: [ChunkHolderManager] Saved 0 block chunks, 17 entity chunks, 0 poi chunks in world 'world_the_end' in 0.01s
[03:37:52] [Server thread/INFO]: [ChunkHolderManager] Waiting 60s for chunk I/O to halt for world 'world_the_end'
[03:37:52] [Server thread/INFO]: [ChunkHolderManager] Halted I/O scheduler for world 'world_the_end'
[03:37:52] [Server thread/INFO]: ThreadedAnvilChunkStorage (world): All chunks are saved
[03:37:52] [Server thread/INFO]: ThreadedAnvilChunkStorage (DIM-1): All chunks are saved
[03:37:52] [Server thread/INFO]: ThreadedAnvilChunkStorage (DIM1): All chunks are saved
[03:37:52] [Server thread/INFO]: ThreadedAnvilChunkStorage: All dimensions are saved
[03:37:52] [Server thread/INFO]: Waiting for all RegionFile I/O tasks to complete...
[03:37:52] [Server thread/INFO]: All RegionFile I/O tasks to complete
[03:37:52] [Server thread/INFO]: [MoonriseCommon] Awaiting termination of worker pool for up to 60s...
[03:37:52] [Server thread/INFO]: [MoonriseCommon] Awaiting termination of I/O pool for up to 60s...
